0 verbose cli C:\Program Files\nodejs\node.exe C:\Users\HARSHA VARDHAN\AppData\Roaming\npm\node_modules\npm\bin\npm-cli.js
1 info using npm@11.11.1
2 info using node@v24.14.0
3 silly config load:file:C:\Users\HARSHA VARDHAN\AppData\Roaming\npm\node_modules\npm\npmrc
4 silly config load:file:C:\Users\HARSHA VARDHAN\Downloads\varadhi-mern-project\server\.npmrc
5 silly config load:file:C:\Users\HARSHA VARDHAN\.npmrc
6 silly config load:file:C:\Users\HARSHA VARDHAN\AppData\Roaming\npm\etc\npmrc
7 verbose title npm install
8 verbose argv "install"
9 verbose logfile logs-max:10 dir:C:\Users\HARSHA VARDHAN\Downloads\varadhi-mern-project\server\.npm-cache\_logs\2026-03-14T17_25_16_350Z-
10 verbose logfile C:\Users\HARSHA VARDHAN\Downloads\varadhi-mern-project\server\.npm-cache\_logs\2026-03-14T17_25_16_350Z-debug-0.log
11 silly logfile done cleaning log files
12 silly packumentCache heap:4496293888 maxSize:1124073472 maxEntrySize:562036736
13 silly idealTree buildDeps
14 silly fetch manifest cloudinary@^2.8.0
15 silly packumentCache full:https://registry.npmjs.org/cloudinary cache-miss
16 http fetch GET https://registry.npmjs.org/npm attempt 1 failed with EACCES
17 http fetch GET https://registry.npmjs.org/cloudinary attempt 1 failed with EACCES
18 http fetch GET https://registry.npmjs.org/npm attempt 2 failed with EACCES
19 http fetch GET https://registry.npmjs.org/cloudinary attempt 2 failed with EACCES
20 http fetch GET https://registry.npmjs.org/npm attempt 3 failed with EACCES
21 http fetch GET https://registry.npmjs.org/cloudinary attempt 3 failed with EACCES
22 silly fetch manifest jsonwebtoken@^9.0.2
23 silly packumentCache full:https://registry.npmjs.org/jsonwebtoken cache-miss
24 http fetch GET https://registry.npmjs.org/jsonwebtoken attempt 1 failed with EACCES
25 http fetch GET https://registry.npmjs.org/jsonwebtoken attempt 2 failed with EACCES
26 http fetch GET https://registry.npmjs.org/jsonwebtoken attempt 3 failed with EACCES
27 silly fetch manifest socket.io@^4.8.1
28 silly packumentCache full:https://registry.npmjs.org/socket.io cache-miss
29 http fetch GET https://registry.npmjs.org/socket.io attempt 1 failed with EACCES
30 http fetch GET https://registry.npmjs.org/socket.io attempt 2 failed with EACCES
31 http fetch GET https://registry.npmjs.org/socket.io attempt 3 failed with EACCES
32 silly placeDep ROOT cloudinary@ OK for: varadhi-server@1.0.0 want: ^2.8.0
33 silly placeDep ROOT jsonwebtoken@ OK for: varadhi-server@1.0.0 want: ^9.0.2
34 silly placeDep ROOT socket.io@ OK for: varadhi-server@1.0.0 want: ^4.8.1
35 verbose type system
36 verbose stack FetchError: request to https://registry.npmjs.org/cloudinary failed, reason: 
36 verbose stack     at ClientRequest.<anonymous> (C:\Users\HARSHA VARDHAN\AppData\Roaming\npm\node_modules\npm\node_modules\minipass-fetch\lib\index.js:130:14)
36 verbose stack     at ClientRequest.emit (node:events:508:28)
36 verbose stack     at emitErrorEvent (node:_http_client:108:11)
36 verbose stack     at _destroy (node:_http_client:963:9)
36 verbose stack     at onSocketNT (node:_http_client:983:5)
36 verbose stack     at process.processTicksAndRejections (node:internal/process/task_queues:91:21)
37 error code EACCES
38 error errno EACCES
39 error FetchError: request to https://registry.npmjs.org/cloudinary failed, reason: 
39 error     at ClientRequest.<anonymous> (C:\Users\HARSHA VARDHAN\AppData\Roaming\npm\node_modules\npm\node_modules\minipass-fetch\lib\index.js:130:14)
39 error     at ClientRequest.emit (node:events:508:28)
39 error     at emitErrorEvent (node:_http_client:108:11)
39 error     at _destroy (node:_http_client:963:9)
39 error     at onSocketNT (node:_http_client:983:5)
39 error     at process.processTicksAndRejections (node:internal/process/task_queues:91:21) {
39 error   code: 'EACCES',
39 error   errno: 'EACCES',
39 error   type: 'system',
39 error   requiredBy: '.'
39 error }
40 error
40 error The operation was rejected by your operating system.
40 error It's possible that the file was already in use (by a text editor or antivirus), or that you lack permissions to access it.
40 error
40 error If you believe this might be a permissions issue, please double-check the permissions of the file and its containing directories, or try running the command again as root/Administrator.
41 silly unfinished npm timer reify 1773509117227
42 silly unfinished npm timer reify:loadTrees 1773509117229
43 verbose cwd C:\Users\HARSHA VARDHAN\Downloads\varadhi-mern-project\server
44 verbose os Windows_NT 10.0.26100
45 verbose node v24.14.0
46 verbose npm  v11.11.1
47 verbose exit 1
48 verbose code 1
49 error A complete log of this run can be found in: C:\Users\HARSHA VARDHAN\Downloads\varadhi-mern-project\server\.npm-cache\_logs\2026-03-14T17_25_16_350Z-debug-0.log
