0 verbose cli C:\Program Files\nodejs\node.exe C:\Users\HARSHA VARDHAN\AppData\Roaming\npm\node_modules\npm\bin\npm-cli.js
1 info using npm@11.11.1
2 info using node@v24.14.0
3 silly config load:file:C:\Users\HARSHA VARDHAN\AppData\Roaming\npm\node_modules\npm\npmrc
4 silly config load:file:C:\Users\HARSHA VARDHAN\Downloads\varadhi-mern-project\server\.npmrc
5 silly config load:file:C:\Users\HARSHA VARDHAN\.npmrc
6 silly config load:file:C:\Users\HARSHA VARDHAN\AppData\Roaming\npm\etc\npmrc
7 verbose title npm install jsonwebtoken socket.io cloudinary
8 verbose argv "install" "jsonwebtoken" "socket.io" "cloudinary" "--no-audit" "--prefer-offline" "--cache" ".npm-cache" "--loglevel" "error"
9 verbose logfile logs-max:10 dir:C:\Users\HARSHA VARDHAN\Downloads\varadhi-mern-project\server\.npm-cache\_logs\2026-03-15T06_58_14_666Z-
10 verbose logfile C:\Users\HARSHA VARDHAN\Downloads\varadhi-mern-project\server\.npm-cache\_logs\2026-03-15T06_58_14_666Z-debug-0.log
11 silly logfile done cleaning log files
12 silly packumentCache heap:4496293888 maxSize:1124073472 maxEntrySize:562036736
13 silly idealTree buildDeps
14 silly fetch manifest cloudinary@^2.8.0
15 silly packumentCache full:https://registry.npmjs.org/cloudinary cache-miss
16 http fetch GET https://registry.npmjs.org/cloudinary attempt 1 failed with EACCES
17 http fetch GET https://registry.npmjs.org/cloudinary attempt 2 failed with EACCES
18 http fetch GET https://registry.npmjs.org/cloudinary attempt 3 failed with EACCES
19 silly fetch manifest jsonwebtoken@^9.0.2
20 silly packumentCache full:https://registry.npmjs.org/jsonwebtoken cache-miss
21 http fetch GET https://registry.npmjs.org/jsonwebtoken attempt 1 failed with EACCES
22 http fetch GET https://registry.npmjs.org/jsonwebtoken attempt 2 failed with EACCES
23 http fetch GET https://registry.npmjs.org/jsonwebtoken attempt 3 failed with EACCES
24 silly fetch manifest socket.io@^4.8.1
25 silly packumentCache full:https://registry.npmjs.org/socket.io cache-miss
26 http fetch GET https://registry.npmjs.org/socket.io attempt 1 failed with EACCES
27 http fetch GET https://registry.npmjs.org/socket.io attempt 2 failed with EACCES
28 http fetch GET https://registry.npmjs.org/socket.io attempt 3 failed with EACCES
29 silly placeDep ROOT cloudinary@ OK for: varadhi-server@1.0.0 want: ^2.8.0
30 silly placeDep ROOT jsonwebtoken@ OK for: varadhi-server@1.0.0 want: ^9.0.2
31 silly placeDep ROOT socket.io@ OK for: varadhi-server@1.0.0 want: ^4.8.1
32 verbose type system
33 verbose stack FetchError: request to https://registry.npmjs.org/cloudinary failed, reason: 
33 verbose stack     at ClientRequest.<anonymous> (C:\Users\HARSHA VARDHAN\AppData\Roaming\npm\node_modules\npm\node_modules\minipass-fetch\lib\index.js:130:14)
33 verbose stack     at ClientRequest.emit (node:events:508:28)
33 verbose stack     at emitErrorEvent (node:_http_client:108:11)
33 verbose stack     at _destroy (node:_http_client:963:9)
33 verbose stack     at onSocketNT (node:_http_client:983:5)
33 verbose stack     at process.processTicksAndRejections (node:internal/process/task_queues:91:21)
34 error code EACCES
35 error errno EACCES
36 error FetchError: request to https://registry.npmjs.org/cloudinary failed, reason: 
36 error     at ClientRequest.<anonymous> (C:\Users\HARSHA VARDHAN\AppData\Roaming\npm\node_modules\npm\node_modules\minipass-fetch\lib\index.js:130:14)
36 error     at ClientRequest.emit (node:events:508:28)
36 error     at emitErrorEvent (node:_http_client:108:11)
36 error     at _destroy (node:_http_client:963:9)
36 error     at onSocketNT (node:_http_client:983:5)
36 error     at process.processTicksAndRejections (node:internal/process/task_queues:91:21) {
36 error   code: 'EACCES',
36 error   errno: 'EACCES',
36 error   type: 'system',
36 error   requiredBy: '.'
36 error }
37 error
37 error The operation was rejected by your operating system.
37 error It's possible that the file was already in use (by a text editor or antivirus), or that you lack permissions to access it.
37 error
37 error If you believe this might be a permissions issue, please double-check the permissions of the file and its containing directories, or try running the command again as root/Administrator.
38 silly unfinished npm timer reify 1773557897854
39 silly unfinished npm timer reify:loadTrees 1773557897858
40 verbose cwd C:\Users\HARSHA VARDHAN\Downloads\varadhi-mern-project\server
41 verbose os Windows_NT 10.0.26200
42 verbose node v24.14.0
43 verbose npm  v11.11.1
44 verbose exit 1
45 verbose code 1
46 error A complete log of this run can be found in: C:\Users\HARSHA VARDHAN\Downloads\varadhi-mern-project\server\.npm-cache\_logs\2026-03-15T06_58_14_666Z-debug-0.log
